  Ch06-1_example.cpp
C:\Users\user\Downloads\Ch06-1_example.cpp(1,1): warning C4819: The file contains a character that cannot be represented in the current code page (949). Save the file in Unicode format to prevent data loss
C:\Users\user\Downloads\io.h(1,1): warning C4819: The file contains a character that cannot be represented in the current code page (949). Save the file in Unicode format to prevent data loss
  Ch06_string.cpp
C:\Users\user\Downloads\Ch06_string.cpp(1,1): warning C4819: The file contains a character that cannot be represented in the current code page (949). Save the file in Unicode format to prevent data loss
C:\Users\user\Downloads\io.h(1,1): warning C4819: The file contains a character that cannot be represented in the current code page (949). Save the file in Unicode format to prevent data loss
C:\Users\user\Downloads\Ch06_string.cpp(9,21): error C2065: 'b': undeclared identifier
C:\Users\user\Downloads\Ch06_string.cpp(13,13): error C2065: 'b': undeclared identifier
  Ch07_structure.cpp
C:\Users\user\Downloads\Ch07_structure.cpp(1,1): warning C4819: The file contains a character that cannot be represented in the current code page (949). Save the file in Unicode format to prevent data loss
C:\Users\user\Downloads\io.h(1,1): warning C4819: The file contains a character that cannot be represented in the current code page (949). Save the file in Unicode format to prevent data loss
C:\Users\user\Downloads\Ch07_structure.cpp(24,3): error C2679: binary '=': no operator found which takes a right-hand operand of type 'initializer list' (or there is no acceptable conversion)
C:\Users\user\Downloads\Ch07_structure.cpp(21,3): message : could be 'Structure::sesac &Structure::sesac::operator =(Structure::sesac &&)'
C:\Users\user\Downloads\Ch07_structure.cpp(21,3): message : or       'Structure::sesac &Structure::sesac::operator =(const Structure::sesac &)'
C:\Users\user\Downloads\Ch07_structure.cpp(24,3): message : while trying to match the argument list '(Structure::sesac, initializer list)'
C:\Users\user\Downloads\Ch07_structure.cpp(41,13): error C2001: newline in constant
C:\Users\user\Downloads\Ch07_structure.cpp(42,5): error C2143: syntax error: missing ';' before 'case'
  Ch05-1_example.cpp
C:\Users\user\Cpp_PL\CPP_Basic\Cpp_Basic\Cpp_Basic\Ch05-1_example.cpp(9,16): error C2131: expression did not evaluate to a constant
C:\Users\user\Cpp_PL\CPP_Basic\Cpp_Basic\Cpp_Basic\Ch05-1_example.cpp(9,16): message : failure was caused by a read of a variable outside its lifetime
C:\Users\user\Cpp_PL\CPP_Basic\Cpp_Basic\Cpp_Basic\Ch05-1_example.cpp(9,16): message : see usage of 'Counter'
C:\Users\user\Cpp_PL\CPP_Basic\Cpp_Basic\Cpp_Basic\Ch05-1_example.cpp(13,13): warning C4552: '>>': result of expression not used
C:\Users\user\Cpp_PL\CPP_Basic\Cpp_Basic\Cpp_Basic\Ch05-1_example.cpp(42,16): error C2131: expression did not evaluate to a constant
C:\Users\user\Cpp_PL\CPP_Basic\Cpp_Basic\Cpp_Basic\Ch05-1_example.cpp(42,16): message : failure was caused by a read of a variable outside its lifetime
C:\Users\user\Cpp_PL\CPP_Basic\Cpp_Basic\Cpp_Basic\Ch05-1_example.cpp(42,16): message : see usage of 'Counter'
C:\Users\user\Cpp_PL\CPP_Basic\Cpp_Basic\Cpp_Basic\Ch05-1_example.cpp(46,13): warning C4552: '>>': result of expression not used
C:\Users\user\Cpp_PL\CPP_Basic\Cpp_Basic\Cpp_Basic\Ch05-1_example.cpp(53,31): warning C4552: '<<': result of expression not used
C:\Users\user\Cpp_PL\CPP_Basic\Cpp_Basic\Cpp_Basic\Ch05-1_example.cpp(70,21): error C2131: expression did not evaluate to a constant
C:\Users\user\Cpp_PL\CPP_Basic\Cpp_Basic\Cpp_Basic\Ch05-1_example.cpp(70,21): message : failure was caused by a read of a variable outside its lifetime
C:\Users\user\Cpp_PL\CPP_Basic\Cpp_Basic\Cpp_Basic\Ch05-1_example.cpp(70,21): message : see usage of 'Counter'
C:\Users\user\Cpp_PL\CPP_Basic\Cpp_Basic\Cpp_Basic\Ch05-1_example.cpp(74,24): error C3863: array type 'int [Counter]' is not assignable
C:\Users\user\Cpp_PL\CPP_Basic\Cpp_Basic\Cpp_Basic\Ch05-1_example.cpp(78,28): error C2131: expression did not evaluate to a constant
C:\Users\user\Cpp_PL\CPP_Basic\Cpp_Basic\Cpp_Basic\Ch05-1_example.cpp(78,20): message : failure was caused by a read of a variable outside its lifetime
C:\Users\user\Cpp_PL\CPP_Basic\Cpp_Basic\Cpp_Basic\Ch05-1_example.cpp(78,20): message : see usage of 'Counter'
C:\Users\user\Cpp_PL\CPP_Basic\Cpp_Basic\Cpp_Basic\Ch05-1_example.cpp(82,13): warning C4552: '>>': result of expression not used
C:\Users\user\Cpp_PL\CPP_Basic\Cpp_Basic\Cpp_Basic\Ch05-1_example.cpp(87,16): error C2131: expression did not evaluate to a constant
C:\Users\user\Cpp_PL\CPP_Basic\Cpp_Basic\Cpp_Basic\Ch05-1_example.cpp(87,16): message : failure was caused by a read of a variable outside its lifetime
C:\Users\user\Cpp_PL\CPP_Basic\Cpp_Basic\Cpp_Basic\Ch05-1_example.cpp(87,16): message : see usage of 'Counter'
C:\Users\user\Cpp_PL\CPP_Basic\Cpp_Basic\Cpp_Basic\Ch05-1_example.cpp(91,18): error C3863: array type 'bool [Counter]' is not assignable
C:\Users\user\Cpp_PL\CPP_Basic\Cpp_Basic\Cpp_Basic\Ch05-1_example.cpp(101,26): error C3863: array type 'bool [Counter]' is not assignable
  Generating Code...
